[2025-04-03 11:27:31] INFO: Starting Flye 2.9.5-b1801
[2025-04-03 11:27:31] INFO: Resuming previous run
[2025-04-03 11:27:31] INFO: >>>STAGE: assembly
[2025-04-03 11:27:31] INFO: Assembling disjointigs
[2025-04-03 11:27:31] INFO: Reading sequences
[2025-04-03 11:30:26] INFO: Counting k-mers:
0% 10% 20% 30% 40% 50% 60% 70% 80% 90% 100% 
[2025-04-03 11:40:02] INFO: Filling index table (1/2)
0% 10% 20% 30% 40% 50% 60% 70% 80% 90% 100% 
[2025-04-03 11:54:25] INFO: Filling index table (2/2)
0% 10% 20% 30% 40% 50% 60% 70% 80% 90% 100% 
[2025-04-03 12:13:22] INFO: Extending reads
[2025-04-03 12:26:31] INFO: Overlap-based coverage: 377
[2025-04-03 12:26:31] INFO: Median overlap divergence: 0.0860724
0% 50% 70% 80% 90% 100% 
[2025-04-03 14:36:18] INFO: Assembled 72 disjointigs
[2025-04-03 14:36:25] INFO: Generating sequence
0% 10% 20% 30% 40% 50% 60% 70% 80% 90% 100% 
[2025-04-03 14:36:48] INFO: Filtering contained disjointigs
0% 10% 20% 30% 40% 50% 60% 70% 80% 90% 100% 
[2025-04-03 14:36:54] INFO: Contained seqs: 12
[2025-04-03 14:36:59] INFO: >>>STAGE: consensus
[2025-04-03 14:36:59] INFO: Running Minimap2
[2025-04-03 15:13:59] INFO: Computing consensus
[2025-04-03 15:43:55] INFO: Alignment error rate: 0.181837
[2025-04-03 15:43:57] INFO: >>>STAGE: repeat
[2025-04-03 15:43:57] INFO: Building and resolving repeat graph
[2025-04-03 15:43:57] INFO: Parsing disjointigs
[2025-04-03 15:43:57] INFO: Building repeat graph
0% 10% 20% 30% 40% 50% 60% 70% 80% 90% 100% 
[2025-04-03 15:44:35] INFO: Median overlap divergence: 0.073189
[2025-04-03 15:44:36] INFO: Parsing reads
[2025-04-03 15:47:28] INFO: Aligning reads to the graph
0% 10% 20% 30% 40% 50% 60% 70% 80% 90% 100% 
[2025-04-03 15:59:58] INFO: Aligned read sequence: 8410633674 / 9049125522 (0.929442)
[2025-04-03 15:59:58] INFO: Median overlap divergence: 0.0630782
[2025-04-03 15:59:58] INFO: Mean edge coverage: 506
[2025-04-03 15:59:58] INFO: Simplifying the graph
[2025-04-03 16:00:06] INFO: >>>STAGE: contigger
[2025-04-03 16:00:06] INFO: Generating contigs
[2025-04-03 16:00:06] INFO: Reading sequences
[2025-04-03 16:03:00] INFO: Generated 99 contigs
[2025-04-03 16:03:00] INFO: Added 3 scaffold connections
[2025-04-03 16:03:02] INFO: >>>STAGE: polishing
[2025-04-03 16:03:02] INFO: Polishing genome (1/1)
[2025-04-03 16:03:02] INFO: Running minimap2
[2025-04-03 16:29:49] INFO: Separating alignment into bubbles
[2025-04-03 17:02:38] INFO: Alignment error rate: 0.156302
[2025-04-03 17:02:38] INFO: Correcting bubbles
0% 10% 20% 30% 40% 50% 60% 70% 80% 90% 100% 
[2025-04-03 19:13:30] INFO: >>>STAGE: finalize
[2025-04-03 19:13:31] INFO: Assembly statistics:

	Total length:	16950341
	Fragments:	48
	Fragments N50:	2059766
	Largest frg:	4646290
	Scaffolds:	0
	Mean coverage:	577

[2025-04-03 19:13:31] INFO: Final assembly: /home/anco6881/genome_analysis/GenomeAnalysis/analyses/02_genome_assembly/flye_out/assembly.fasta
